  Resources\FBX\Animal.fbx
  Resources\FBX\Animal2.fbx
  Resources\FBX\char.FBX
  pch.cpp
  VictoryState.cpp
  TitleState.cpp
  SpriteReader.cpp
  SpriteManager.cpp
  SpriteDrawer.cpp
  Sprite.cpp
  ScoreDrawer.cpp
  Score.cpp
  PStanding.cpp
  PRunning.cpp
  PlayState.cpp
  Player.cpp
  PFall.cpp
  NumDrawer.cpp
  ModelObject.cpp
  Main.cpp
  DefeatState.cpp
  Ground.cpp
  GameStateManager.cpp
  GameObjectManager.cpp
  コードを生成中...
  コンパイル中...
  GameObject.cpp
  Game.cpp
  FruitsGenerator.cpp
  Fruits.cpp
  FollowCamera.cpp
  Floor.cpp
  FixedPointCamera.cpp
  EStanding.cpp
  ESearch.cpp
  ERunning.cpp
  Enemy.cpp
  EFall.cpp
  TieGameState.cpp
  SoundLoader.cpp
  NextMessage.cpp
  DeviceResources.cpp
  CollisionManager.cpp
  Batch.cpp
  Adx2Le.cpp
  コードを生成中...
     ライブラリ C:\Users\s182053\Desktop\CatchTheFruits\Debug\CatchTheFruits.lib とオブジェクト C:\Users\s182053\Desktop\CatchTheFruits\Debug\CatchTheFruits.exp を作成中
  CatchTheFruits.vcxproj -> C:\Users\s182053\Desktop\CatchTheFruits\Debug\CatchTheFruits.exe
  CatchTheFruits.vcxproj -> C:\Users\s182053\Desktop\CatchTheFruits\Debug\CatchTheFruits.pdb (Full PDB)
  サブディレクトリまたはファイル Debug は既に存在します。
  サブディレクトリまたはファイル Release は既に存在します。
          1 個のファイルをコピーしました。
          1 個のファイルをコピーしました。
